[2026-04-22 01:49:10] 开始扫描...
🚀 启动 Binance Futures Screener V3.1...

🔍 正在扫描 611 个合约的建仓机会...
🔍 正在扫描 611 个合约的顶部风险...

============================================================
📊 币安期货监控报告 (2026-04-22 01:49)
============================================================

🟢 建仓信号 (0个)
   暂无符合条件的机会 (市场无低量启动标的)

🔴 顶部风险 (7个)
1. DENTUSDT ($0.0001191, +61.38%) [极高风险]
   原因：上影线22.4%, 涨幅过大, 极端抛压 (上影线22.4%)
2. CHIPUSDT ($0.05642, +79.57%) [极高风险]
   原因：上影线30.5%, 涨幅过大, 极端抛压 (上影线30.5%)
3. BSBUSDT ($0.35944, +27.09%) [极高风险]
   原因：上影线23.9%, 极端抛压 (上影线23.9%)
4. METUSDT ($0.188, +27.11%) [极高风险]
   原因：上影线55.6%, 极端抛压 (上影线55.6%)
5. BASUSDT ($0.018111, +74.36%) [极高风险]
   原因：上影线8.9%, 涨幅过大 (上影线8.9%)

============================================================

[2026-04-22 01:54:11] 开始扫描...
🚀 启动 Binance Futures Screener V3.1...

🔍 正在扫描 611 个合约的建仓机会...
🔍 正在扫描 611 个合约的顶部风险...

============================================================
📊 币安期货监控报告 (2026-04-22 01:54)
============================================================

🟢 建仓信号 (0个)
   暂无符合条件的机会 (市场无低量启动标的)

🔴 顶部风险 (6个)
1. CHIPUSDT ($0.05692, +82.20%) [极高风险]
   原因：上影线29.2%, 涨幅过大, 极端抛压 (上影线29.2%)
2. DENTUSDT ($0.0001191, +61.38%) [极高风险]
   原因：上影线22.4%, 涨幅过大, 极端抛压 (上影线22.4%)
3. BASUSDT ($0.017191, +64.63%) [极高风险]
   原因：上影线19.3%, 涨幅过大 (上影线19.3%)
4. METUSDT ($0.1886, +27.69%) [极高风险]
   原因：上影线55.0%, 极端抛压 (上影线55.0%)
5. RAVEUSDT ($1.47108, +43.42%) [极高风险]
   原因：上影线72.3%, 极端抛压 (上影线72.3%)

============================================================

[2026-04-22 01:59:11] 开始扫描...
🚀 启动 Binance Futures Screener V3.1...

🔍 正在扫描 611 个合约的建仓机会...
🔍 正在扫描 611 个合约的顶部风险...

============================================================
📊 币安期货监控报告 (2026-04-22 01:59)
============================================================

🟢 建仓信号 (0个)
   暂无符合条件的机会 (市场无低量启动标的)

🔴 顶部风险 (6个)
1. CHIPUSDT ($0.05701, +82.96%) [极高风险]
   原因：上影线28.9%, 涨幅过大, 极端抛压 (上影线28.9%)
2. DENTUSDT ($0.0001191, +61.38%) [极高风险]
   原因：上影线22.4%, 涨幅过大, 极端抛压 (上影线22.4%)
3. RAVEUSDT ($1.46825, +43.45%) [极高风险]
   原因：上影线72.5%, 极端抛压 (上影线72.5%)
4. METUSDT ($0.1898, +28.42%) [极高风险]
   原因：上影线53.7%, 极端抛压 (上影线53.7%)
5. BASUSDT ($0.017386, +66.52%) [极高风险]
   原因：上影线17.1%, 涨幅过大 (上影线17.1%)

============================================================

[2026-04-22 02:04:12] 开始扫描...
🚀 启动 Binance Futures Screener V3.1...

🔍 正在扫描 611 个合约的建仓机会...
🔍 正在扫描 611 个合约的顶部风险...

============================================================
📊 币安期货监控报告 (2026-04-22 02:04)
============================================================

🟢 建仓信号 (0个)
   暂无符合条件的机会 (市场无低量启动标的)

🔴 顶部风险 (6个)
1. CHIPUSDT ($0.05695, +82.12%) [极高风险]
   原因：上影线29.1%, 涨幅过大, 极端抛压 (上影线29.1%)
2. DENTUSDT ($0.0001191, +61.38%) [极高风险]
   原因：上影线22.4%, 涨幅过大, 极端抛压 (上影线22.4%)
3. BASUSDT ($0.017321, +64.46%) [极高风险]
   原因：上影线17.9%, 涨幅过大 (上影线17.9%)
4. RAVEUSDT ($1.46856, +40.04%) [极高风险]
   原因：上影线74.1%, 极端抛压 (上影线74.1%)
5. METUSDT ($0.1898, +28.85%) [极高风险]
   原因：上影线53.7%, 极端抛压 (上影线53.7%)

============================================================

[2026-04-22 02:09:13] 开始扫描...
🚀 启动 Binance Futures Screener V3.2 (机构增强版)...

🔍 正在扫描 611 个合约的建仓机会...
🔍 正在扫描 611 个合约的顶部风险...

============================================================
📊 币安期货监控报告 V3.2 (2026-04-22 02:10)
============================================================

🟢 建仓信号 (0个)
   暂无符合条件的机会 (未通过均线过滤或无低量启动标的)

🔴 顶部风险 (6个)
1. BASUSDT ($0.016826, +58.01%) [极高风险]
   原因：上影线23.5%, 涨幅过大, 极端抛压, 资金费率0.089% (过热) | 费率:0.089%
2. CHIPUSDT ($0.05635, +79.80%) [极高风险]
   原因：上影线30.7%, 涨幅过大, 极端抛压
3. DENTUSDT ($0.0001191, +61.38%) [极高风险]
   原因：上影线22.4%, 涨幅过大, 极端抛压
4. RAVEUSDT ($1.44655, +35.53%) [极高风险]
   原因：上影线76.4%, 极端抛压 | 费率:0.034%
5. METUSDT ($0.1876, +27.45%) [极高风险]
   原因：上影线56.0%, 极端抛压

============================================================

[2026-04-22 02:15:03] 开始扫描...
🚀 启动 Binance Futures Screener V3.2 (机构增强版)...

🔍 正在扫描 611 个合约的建仓机会...
🔍 正在扫描 611 个合约的顶部风险...

============================================================
📊 币安期货监控报告 V3.2 (2026-04-22 02:15)
============================================================

🟢 建仓信号 (0个)
   暂无符合条件的机会 (未通过均线过滤或无低量启动标的)

🔴 顶部风险 (5个)
1. BASUSDT ($0.017016, +62.35%) [极高风险]
   原因：上影线21.3%, 涨幅过大, 极端抛压, 资金费率0.088% (过热) | 费率:0.088%
2. CHIPUSDT ($0.05691, +81.18%) [极高风险]
   原因：上影线29.2%, 涨幅过大, 极端抛压
3. DENTUSDT ($0.0001191, +61.38%) [极高风险]
   原因：上影线22.4%, 涨幅过大, 极端抛压
4. METUSDT ($0.19, +29.16%) [极高风险]
   原因：上影线53.5%, 极端抛压
5. TRUUSDT ($0.0052663, +34.65%) [高风险]
   原因：上影线13.1%

============================================================

[2026-04-22 02:20:53] 开始扫描...
🚀 启动 Binance Futures Screener V3.2 (机构增强版)...

🔍 正在扫描 611 个合约的建仓机会...
🔍 正在扫描 611 个合约的顶部风险...

============================================================
📊 币安期货监控报告 V3.2 (2026-04-22 02:21)
============================================================

🟢 建仓信号 (0个)
   暂无符合条件的机会 (未通过均线过滤或无低量启动标的)

🔴 顶部风险 (5个)
1. CHIPUSDT ($0.05635, +80.55%) [极高风险]
   原因：上影线30.7%, 涨幅过大, 极端抛压
2. DENTUSDT ($0.0001191, +61.38%) [极高风险]
   原因：上影线22.4%, 涨幅过大, 极端抛压
3. BASUSDT ($0.017376, +64.48%) [极高风险]
   原因：上影线17.2%, 涨幅过大, 资金费率0.086% (过热) | 费率:0.086%
4. METUSDT ($0.1932, +31.43%) [极高风险]
   原因：上影线50.3%, 极端抛压
5. TRUUSDT ($0.0052663, +34.65%) [高风险]
   原因：上影线13.1%

============================================================

[2026-04-22 02:26:42] 开始扫描...
🚀 启动 Binance Futures Screener V3.2 (机构增强版)...

🔍 正在扫描 611 个合约的建仓机会...
🔍 正在扫描 611 个合约的顶部风险...

============================================================
📊 币安期货监控报告 V3.2 (2026-04-22 02:27)
============================================================

🟢 建仓信号 (0个)
   暂无符合条件的机会 (未通过均线过滤或无低量启动标的)

🔴 顶部风险 (5个)
1. DENTUSDT ($0.0001191, +61.38%) [极高风险]
   原因：上影线22.4%, 涨幅过大, 极端抛压
2. CHIPUSDT ($0.05702, +82.87%) [极高风险]
   原因：上影线28.9%, 涨幅过大, 极端抛压
3. BASUSDT ($0.018016, +73.16%) [极高风险]
   原因：上影线9.9%, 涨幅过大, 资金费率0.091% (过热) | 费率:0.091%
4. METUSDT ($0.1923, +31.26%) [极高风险]
   原因：上影线51.2%, 极端抛压
5. TRUUSDT ($0.0052663, +34.65%) [高风险]
   原因：上影线13.1%

============================================================

[2026-04-22 02:32:31] 开始扫描...
🚀 启动 Binance Futures Screener V3.2 (机构增强版)...

🔍 正在扫描 611 个合约的建仓机会...
🔍 正在扫描 611 个合约的顶部风险...

============================================================
📊 币安期货监控报告 V3.2 (2026-04-22 02:33)
============================================================

🟢 建仓信号 (0个)
   暂无符合条件的机会 (未通过均线过滤或无低量启动标的)

🔴 顶部风险 (5个)
1. CHIPUSDT ($0.05697, +83.07%) [极高风险]
   原因：上影线29.0%, 涨幅过大, 极端抛压
2. DENTUSDT ($0.0001191, +61.38%) [极高风险]
   原因：上影线22.4%, 涨幅过大, 极端抛压
3. BASUSDT ($0.017708, +71.29%) [极高风险]
   原因：上影线13.5%, 涨幅过大, 资金费率0.090% (过热) | 费率:0.090%
4. METUSDT ($0.1907, +30.08%) [极高风险]
   原因：上影线52.8%, 极端抛压
5. TRUUSDT ($0.0052663, +34.65%) [高风险]
   原因：上影线13.1%

============================================================

[2026-04-22 02:34:25] 开始扫描...
🚀 启动 Binance Futures Screener V3.2 (机构增强版)...

🔍 正在扫描 611 个合约的建仓机会...
🔍 正在扫描 611 个合约的顶部风险...
   发现 8 个高风险标的，正在批量获取资金费率...

============================================================
📊 币安期货监控报告 V3.2 (2026-04-22 02:34)
============================================================

🟢 建仓信号 (0个)
   暂无符合条件的机会 (未通过均线过滤或无低量启动标的)

🔴 顶部风险 (6个)
1. CHIPUSDT ($0.05711, +83.57%) [极高风险]
   原因：上影线28.7%, 涨幅过大, 极端抛压
2. DENTUSDT ($0.0001191, +61.38%) [极高风险]
   原因：上影线22.4%, 涨幅过大, 极端抛压
3. BASUSDT ($0.018067, +74.27%) [极高风险]
   原因：上影线9.4%, 涨幅过大, 资金费率0.090% (过热) | 费率:0.090%
4. METUSDT ($0.1912, +30.07%) [极高风险]
   原因：上影线52.3%, 极端抛压
5. ACUUSDT ($0.11387, +27.64%) [高风险]
   原因：上影线13.7%, 资金费率0.053% (过热) | 费率:0.053%

============================================================

[2026-04-22 02:39:26] 开始扫描...
🚀 启动 Binance Futures Screener V3.2 (机构增强版)...

🔍 正在扫描 611 个合约的建仓机会...
🔍 正在扫描 611 个合约的顶部风险...
   发现 8 个高风险标的，正在批量获取资金费率...

============================================================
📊 币安期货监控报告 V3.2 (2026-04-22 02:39)
============================================================

🟢 建仓信号 (0个)
   暂无符合条件的机会 (未通过均线过滤或无低量启动标的)

🔴 顶部风险 (6个)
1. CHIPUSDT ($0.05969, +92.49%) [极高风险]
   原因：上影线21.8%, 涨幅过大, 极端抛压
2. DENTUSDT ($0.0001191, +61.38%) [极高风险]
   原因：上影线22.4%, 涨幅过大, 极端抛压
3. BASUSDT ($0.018077, +75.97%) [极高风险]
   原因：上影线9.2%, 涨幅过大, 资金费率0.089% (过热) | 费率:0.089%
4. METUSDT ($0.1903, +29.72%) [极高风险]
   原因：上影线53.2%, 极端抛压
5. BSBUSDT ($0.36926, +27.91%) [高风险]
   原因：上影线16.2% | 费率:0.033%

============================================================

[2026-04-22 02:44:27] 开始扫描...
🚀 启动 Binance Futures Screener V3.2 (机构增强版)...

🔍 正在扫描 611 个合约的建仓机会...
🔍 正在扫描 611 个合约的顶部风险...
   发现 9 个高风险标的，正在批量获取资金费率...

============================================================
📊 币安期货监控报告 V3.2 (2026-04-22 02:44)
============================================================

🟢 建仓信号 (0个)
   暂无符合条件的机会 (未通过均线过滤或无低量启动标的)

🔴 顶部风险 (7个)
1. DENTUSDT ($0.0001191, +61.38%) [极高风险]
   原因：上影线22.4%, 涨幅过大, 极端抛压
2. BASUSDT ($0.017836, +74.08%) [极高风险]
   原因：上影线12.0%, 涨幅过大, 资金费率0.090% (过热) | 费率:0.090%
3. METUSDT ($0.1897, +29.31%) [极高风险]
   原因：上影线53.8%, 极端抛压
4. CHIPUSDT ($0.06047, +97.16%) [极高风险]
   原因：上影线19.8%, 涨幅过大
5. BSBUSDT ($0.37461, +29.02%) [高风险]
   原因：上影线12.0% | 费率:0.036%

============================================================

[2026-04-22 02:49:27] 开始扫描...
🚀 启动 Binance Futures Screener V3.2 (机构增强版)...

🔍 正在扫描 611 个合约的建仓机会...
🔍 正在扫描 611 个合约的顶部风险...
   发现 9 个高风险标的，正在批量获取资金费率...

============================================================
📊 币安期货监控报告 V3.2 (2026-04-22 02:49)
============================================================

🟢 建仓信号 (0个)
   暂无符合条件的机会 (未通过均线过滤或无低量启动标的)

🔴 顶部风险 (7个)
1. DENTUSDT ($0.0001191, +61.38%) [极高风险]
   原因：上影线22.4%, 涨幅过大, 极端抛压
2. CHIPUSDT ($0.05989, +93.94%) [极高风险]
   原因：上影线21.3%, 涨幅过大, 极端抛压
3. BASUSDT ($0.017713, +71.97%) [极高风险]
   原因：上影线13.4%, 涨幅过大, 资金费率0.089% (过热) | 费率:0.089%
4. METUSDT ($0.1903, +29.99%) [极高风险]
   原因：上影线53.2%, 极端抛压
5. TRUUSDT ($0.0052663, +34.65%) [高风险]
   原因：上影线13.1%

============================================================

[2026-04-22 02:54:28] 开始扫描...
🚀 启动 Binance Futures Screener V3.2 (机构增强版)...

🔍 正在扫描 611 个合约的建仓机会...
🔍 正在扫描 611 个合约的顶部风险...
   发现 8 个高风险标的，正在批量获取资金费率...

============================================================
📊 币安期货监控报告 V3.2 (2026-04-22 02:54)
============================================================

🟢 建仓信号 (0个)
   暂无符合条件的机会 (未通过均线过滤或无低量启动标的)

🔴 顶部风险 (5个)
1. DENTUSDT ($0.0001191, +61.38%) [极高风险]
   原因：上影线22.4%, 涨幅过大, 极端抛压
2. BASUSDT ($0.017589, +70.04%) [极高风险]
   原因：上影线14.8%, 涨幅过大, 资金费率0.090% (过热) | 费率:0.090%
3. CHIPUSDT ($0.06044, +95.41%) [极高风险]
   原因：上影线19.9%, 涨幅过大
4. TRUUSDT ($0.0052663, +34.65%) [高风险]
   原因：上影线13.1%
5. ACUUSDT ($0.1124, +25.49%) [高风险]
   原因：上影线19.0% | 费率:0.048%

============================================================

[2026-04-22 02:59:29] 开始扫描...
🚀 启动 Binance Futures Screener V3.2 (机构增强版)...

🔍 正在扫描 611 个合约的建仓机会...
🔍 正在扫描 611 个合约的顶部风险...
   发现 9 个高风险标的，正在批量获取资金费率...

============================================================
📊 币安期货监控报告 V3.2 (2026-04-22 02:59)
============================================================

🟢 建仓信号 (0个)
   暂无符合条件的机会 (未通过均线过滤或无低量启动标的)

🔴 顶部风险 (6个)
1. CHIPUSDT ($0.05992, +93.67%) [极高风险]
   原因：上影线21.2%, 涨幅过大, 极端抛压
2. DENTUSDT ($0.0001191, +61.38%) [极高风险]
   原因：上影线22.4%, 涨幅过大, 极端抛压
3. BASUSDT ($0.0175, +69.07%) [极高风险]
   原因：上影线15.8%, 涨幅过大, 资金费率0.090% (过热) | 费率:0.090%
4. METUSDT ($0.1857, +26.93%) [极高风险]
   原因：上影线57.9%, 极端抛压
5. ACUUSDT ($0.11302, +25.97%) [高风险]
   原因：上影线16.8%, 资金费率0.051% (过热) | 费率:0.051%

============================================================

[2026-04-22 03:04:30] 开始扫描...
🚀 启动 Binance Futures Screener V3.2 (机构增强版)...

🔍 正在扫描 611 个合约的建仓机会...
🔍 正在扫描 611 个合约的顶部风险...
   发现 9 个高风险标的，正在批量获取资金费率...

============================================================
📊 币安期货监控报告 V3.2 (2026-04-22 03:04)
============================================================

🟢 建仓信号 (0个)
   暂无符合条件的机会 (未通过均线过滤或无低量启动标的)

🔴 顶部风险 (6个)
1. DENTUSDT ($0.0001191, +61.38%) [极高风险]
   原因：上影线22.4%, 涨幅过大, 极端抛压
2. CHIPUSDT ($0.05942, +92.36%) [极高风险]
   原因：上影线22.6%, 涨幅过大, 极端抛压
3. BASUSDT ($0.017717, +72.55%) [极高风险]
   原因：上影线13.4%, 涨幅过大, 资金费率0.089% (过热) | 费率:0.089%
4. METUSDT ($0.1902, +30.27%) [极高风险]
   原因：上影线53.3%, 极端抛压
5. ACUUSDT ($0.11389, +27.14%) [高风险]
   原因：上影线13.7%, 资金费率0.054% (过热) | 费率:0.054%

============================================================

[2026-04-22 03:09:31] 开始扫描...
🚀 启动 Binance Futures Screener V3.2 (机构增强版)...

🔍 正在扫描 611 个合约的建仓机会...
🔍 正在扫描 611 个合约的顶部风险...
   发现 8 个高风险标的，正在批量获取资金费率...

============================================================
📊 币安期货监控报告 V3.2 (2026-04-22 03:09)
============================================================

🟢 建仓信号 (0个)
   暂无符合条件的机会 (未通过均线过滤或无低量启动标的)

🔴 顶部风险 (6个)
1. DENTUSDT ($0.0001191, +61.38%) [极高风险]
   原因：上影线22.4%, 涨幅过大, 极端抛压
2. CHIPUSDT ($0.05986, +97.30%) [极高风险]
   原因：上影线21.4%, 涨幅过大, 极端抛压
3. BASUSDT ($0.017728, +73.91%) [极高风险]
   原因：上影线13.2%, 涨幅过大, 资金费率0.092% (过热) | 费率:0.092%
4. METUSDT ($0.1924, +31.69%) [极高风险]
   原因：上影线51.1%, 极端抛压
5. TRUUSDT ($0.0052663, +34.65%) [高风险]
   原因：上影线13.1%

============================================================

